[INFO] Scanning for projects...
Downloading from central: https://repo.maven.apache.org/maven2/org/flywaydb/maven-metadata.xml
Downloading from central: https://repo.maven.apache.org/maven2/org/springframework/boot/maven-metadata.xml
Downloading from central: https://repo.maven.apache.org/maven2/org/cyclonedx/maven-metadata.xml
Downloading from central: https://repo.maven.apache.org/maven2/io/github/git-commit-id/maven-metadata.xml
Progress (1): 255 BProgress (2): 255 B | 243 BProgress (3): 255 B | 243 B | 249 BProgress (4): 255 B | 243 B | 249 B | 234 B                                           Downloaded from central: https://repo.maven.apache.org/maven2/org/flywaydb/maven-metadata.xml (234 B at 171 B/s)
Downloaded from central: https://repo.maven.apache.org/maven2/org/springframework/boot/maven-metadata.xml (249 B at 182 B/s)
Downloaded from central: https://repo.maven.apache.org/maven2/org/cyclonedx/maven-metadata.xml (243 B at 178 B/s)
Downloaded from central: https://repo.maven.apache.org/maven2/io/github/git-commit-id/maven-metadata.xml (255 B at 186 B/s)
Downloading from central: https://repo.maven.apache.org/maven2/org/jooq/maven-metadata.xml
Downloading from central: https://repo.maven.apache.org/maven2/org/liquibase/maven-metadata.xml
Downloading from central: https://repo.maven.apache.org/maven2/org/jetbrains/kotlin/maven-metadata.xml
Downloading from central: https://repo.maven.apache.org/maven2/org/graalvm/buildtools/maven-metadata.xml
Progress (1): 394 BProgress (2): 394 B | 242 BProgress (3): 394 B | 242 B | 375 BProgress (4): 394 B | 242 B | 375 B | 398 B                                           Downloaded from central: https://repo.maven.apache.org/maven2/org/liquibase/maven-metadata.xml (394 B at 3.0 kB/s)
Downloading from central: https://repo.maven.apache.org/maven2/org/apache/maven/plugins/maven-metadata.xml
Downloaded from central: https://repo.maven.apache.org/maven2/org/graalvm/buildtools/maven-metadata.xml (242 B at 1.8 kB/s)
Downloaded from central: https://repo.maven.apache.org/maven2/org/jetbrains/kotlin/maven-metadata.xml (375 B at 2.8 kB/s)
Downloading from central: https://repo.maven.apache.org/maven2/org/codehaus/mojo/maven-metadata.xml
Downloaded from central: https://repo.maven.apache.org/maven2/org/jooq/maven-metadata.xml (398 B at 2.9 kB/s)
Progress (1): 3.1 kBProgress (2): 3.1 kB | 4.6 kBProgress (2): 7.7 kB | 4.6 kBProgress (2): 7.7 kB | 9.7 kBProgress (2): 12 kB | 9.7 kB Progress (2): 12 kB | 14 kB Progress (2): 17 kB | 14 kBProgress (2): 20 kB | 14 kBProgress (2): 21 kB | 14 kB                           Downloaded from central: https://repo.maven.apache.org/maven2/org/apache/maven/plugins/maven-metadata.xml (14 kB at 45 kB/s)
Downloaded from central: https://repo.maven.apache.org/maven2/org/codehaus/mojo/maven-metadata.xml (21 kB at 60 kB/s)
[INFO] 
[INFO] -----------------------< com.ecommerce:sb-ecom >------------------------
[INFO] Building sb-ecom 0.0.1-SNAPSHOT
[INFO]   from pom.xml
[INFO] --------------------------------[ jar ]---------------------------------
[INFO] 
[INFO] >>> spring-boot:4.0.3:run (default-cli) > test-compile @ sb-ecom >>>
[INFO] 
[INFO] --- resources:3.3.1:resources (default-resources) @ sb-ecom ---
[INFO] Copying 1 resource from src\main\resources to target\classes
[INFO] Copying 0 resource from src\main\resources to target\classes
[INFO] 
[INFO] --- compiler:3.14.1:compile (default-compile) @ sb-ecom ---
[INFO] Nothing to compile - all classes are up to date.
[INFO] 
[INFO] --- resources:3.3.1:testResources (default-testResources) @ sb-ecom ---
[INFO] skip non existing resourceDirectory C:\Users\madhi\Downloads\sb-ecom\sb-ecom\src\test\resources
[INFO] 
[INFO] --- compiler:3.14.1:testCompile (default-testCompile) @ sb-ecom ---
[INFO] Recompiling the module because of changed source code.
[INFO] Compiling 1 source file with javac [debug parameters release 17] to target\test-classes
[INFO] 
[INFO] <<< spring-boot:4.0.3:run (default-cli) < test-compile @ sb-ecom <<<
[INFO] 
[INFO] 
[INFO] --- spring-boot:4.0.3:run (default-cli) @ sb-ecom ---
[INFO] Attaching agents: []

  .   ____          _            __ _ _
 /\\ / ___'_ __ _ _(_)_ __  __ _ \ \ \ \
( ( )\___ | '_ | '_| | '_ \/ _` | \ \ \ \
 \\/  ___)| |_)| | | | | || (_| |  ) ) ) )
  '  |____| .__|_| |_|_| |_\__, | / / / /
 =========|_|==============|___/=/_/_/_/

 :: Spring Boot ::                (v4.0.3)

2026-03-17T14:34:19.220+05:30  INFO 17680 --- [sb-ecom] [           main] c.ecommerce.project.SbEcomApplication    : Starting SbEcomApplication using Java 24.0.2 with PID 17680 (C:\Users\madhi\Downloads\sb-ecom\sb-ecom\target\classes started by madhi in C:\Users\madhi\Downloads\sb-ecom\sb-ecom)
2026-03-17T14:34:19.229+05:30  INFO 17680 --- [sb-ecom] [           main] c.ecommerce.project.SbEcomApplication    : No active profile set, falling back to 1 default profile: "default"
2026-03-17T14:34:21.114+05:30  INFO 17680 --- [sb-ecom] [           main] .s.d.r.c.RepositoryConfigurationDelegate : Bootstrapping Spring Data JPA repositories in DEFAULT mode.
2026-03-17T14:34:21.282+05:30  INFO 17680 --- [sb-ecom] [           main] .s.d.r.c.RepositoryConfigurationDelegate : Finished Spring Data repository scanning in 138 ms. Found 1 JPA repository interface.
2026-03-17T14:34:22.726+05:30  INFO 17680 --- [sb-ecom] [           main] o.s.boot.tomcat.TomcatWebServer          : Tomcat initialized with port 8081 (http)
2026-03-17T14:34:22.754+05:30  INFO 17680 --- [sb-ecom] [           main] o.apache.catalina.core.StandardService   : Starting service [Tomcat]
2026-03-17T14:34:22.756+05:30  INFO 17680 --- [sb-ecom] [           main] o.apache.catalina.core.StandardEngine    : Starting Servlet engine: [Apache Tomcat/11.0.18]
2026-03-17T14:34:22.873+05:30  INFO 17680 --- [sb-ecom] [           main] b.w.c.s.WebApplicationContextInitializer : Root WebApplicationContext: initialization completed in 3497 ms
2026-03-17T14:34:23.141+05:30  INFO 17680 --- [sb-ecom] [           main] com.zaxxer.hikari.HikariDataSource       : HikariPool-1 - Starting...
2026-03-17T14:34:23.480+05:30  INFO 17680 --- [sb-ecom] [           main] com.zaxxer.hikari.pool.HikariPool        : HikariPool-1 - Added connection conn0: url=jdbc:h2:mem:test user=SA
2026-03-17T14:34:23.484+05:30  INFO 17680 --- [sb-ecom] [           main] com.zaxxer.hikari.HikariDataSource       : HikariPool-1 - Start completed.
2026-03-17T14:34:23.542+05:30  INFO 17680 --- [sb-ecom] [           main] org.hibernate.orm.jpa                    : HHH008540: Processing PersistenceUnitInfo [name: default]
2026-03-17T14:34:23.646+05:30  INFO 17680 --- [sb-ecom] [           main] org.hibernate.orm.core                   : HHH000001: Hibernate ORM core version 7.2.4.Final
2026-03-17T14:34:24.542+05:30  INFO 17680 --- [sb-ecom] [           main] o.s.o.j.p.SpringPersistenceUnitInfo      : No LoadTimeWeaver setup: ignoring JPA class transformer
2026-03-17T14:34:24.720+05:30  INFO 17680 --- [sb-ecom] [           main] org.hibernate.orm.connections.pooling    : HHH10001005: Database info:
	Database JDBC URL [jdbc:h2:mem:test]
	Database driver: H2 JDBC Driver
	Database dialect: H2Dialect
	Database version: 2.4.240
	Default catalog/schema: TEST/PUBLIC
	Autocommit mode: undefined/unknown
	Isolation level: READ_COMMITTED [default READ_COMMITTED]
	JDBC fetch size: 100
	Pool: DataSourceConnectionProvider
	Minimum pool size: undefined/unknown
	Maximum pool size: undefined/unknown
2026-03-17T14:34:26.277+05:30  INFO 17680 --- [sb-ecom] [           main] org.hibernate.orm.core                   : HHH000489: No JTA platform available (set 'hibernate.transaction.jta.platform' to enable JTA platform integration)
2026-03-17T14:34:26.351+05:30  INFO 17680 --- [sb-ecom] [           main] j.LocalContainerEntityManagerFactoryBean : Initialized JPA EntityManagerFactory for persistence unit 'default'
2026-03-17T14:34:26.504+05:30  INFO 17680 --- [sb-ecom] [           main] o.s.d.j.r.query.QueryEnhancerFactories   : Hibernate is in classpath; If applicable, HQL parser will be used.
WARNING: A terminally deprecated method in sun.misc.Unsafe has been called
WARNING: sun.misc.Unsafe::staticFieldOffset has been called by org.modelmapper.internal.typetools.TypeResolver (file:/C:/Users/madhi/.m2/repository/org/modelmapper/modelmapper/3.2.4/modelmapper-3.2.4.jar)
WARNING: Please consider reporting this to the maintainers of class org.modelmapper.internal.typetools.TypeResolver
WARNING: sun.misc.Unsafe::staticFieldOffset will be removed in a future release
2026-03-17T14:34:26.908+05:30  WARN 17680 --- [sb-ecom] [           main] JpaBaseConfiguration$JpaWebConfiguration : spring.jpa.open-in-view is enabled by default. Therefore, database queries may be performed during view rendering. Explicitly configure spring.jpa.open-in-view to disable this warning
2026-03-17T14:34:27.401+05:30  INFO 17680 --- [sb-ecom] [           main] o.s.b.h.a.H2ConsoleAutoConfiguration     : H2 console available at '/h2-console'. Database available at 'jdbc:h2:mem:test'
2026-03-17T14:34:27.504+05:30  INFO 17680 --- [sb-ecom] [           main] o.s.boot.tomcat.TomcatWebServer          : Tomcat started on port 8081 (http) with context path '/'
2026-03-17T14:34:27.514+05:30  INFO 17680 --- [sb-ecom] [           main] c.ecommerce.project.SbEcomApplication    : Started SbEcomApplication in 9.343 seconds (process running for 10.497)
2026-03-17T14:34:49.231+05:30  INFO 17680 --- [sb-ecom] [nio-8081-exec-2] o.a.c.c.C.[Tomcat].[localhost].[/]       : Initializing Spring DispatcherServlet 'dispatcherServlet'
2026-03-17T14:34:49.232+05:30  INFO 17680 --- [sb-ecom] [nio-8081-exec-2] o.s.web.servlet.DispatcherServlet        : Initializing Servlet 'dispatcherServlet'
2026-03-17T14:34:49.235+05:30  INFO 17680 --- [sb-ecom] [nio-8081-exec-2] o.s.web.servlet.DispatcherServlet        : Completed initialization in 2 ms
2026-03-17T17:20:25.076+05:30  WARN 17680 --- [sb-ecom] [l-1:housekeeper] com.zaxxer.hikari.pool.HikariPool        : HikariPool-1 - Thread starvation or clock leap detected (housekeeper delta=2h12m30s791ms703盜300ns).
